{"/Users/jp/Documents/projects/alarmy-clone/src/components/Alarm.tsx": {"path":"/Users/jp/Documents/projects/alarmy-clone/src/components/Alarm.tsx","statementMap":{"0":{"start":{"line":12,"column":43},"end":{"line":54,"column":1}},"1":{"start":{"line":13,"column":34},"end":{"line":13,"column":49}},"2":{"start":{"line":14,"column":26},"end":{"line":14,"column":46}},"3":{"start":{"line":15,"column":38},"end":{"line":15,"column":53}},"4":{"start":{"line":16,"column":34},"end":{"line":16,"column":54}},"5":{"start":{"line":18,"column":23},"end":{"line":20,"column":3}},"6":{"start":{"line":19,"column":4},"end":{"line":19,"column":55}},"7":{"start":{"line":22,"column":20},"end":{"line":30,"column":3}},"8":{"start":{"line":23,"column":4},"end":{"line":29,"column":6}},"9":{"start":{"line":32,"column":26},"end":{"line":35,"column":3}},"10":{"start":{"line":33,"column":4},"end":{"line":33,"column":22}},"11":{"start":{"line":34,"column":4},"end":{"line":34,"column":24}},"12":{"start":{"line":37,"column":2},"end":{"line":53,"column":4}}},"fnMap":{"0":{"name":"(anonymous_0)","decl":{"start":{"line":12,"column":43},"end":{"line":12,"column":44}},"loc":{"start":{"line":12,"column":63},"end":{"line":54,"column":1}},"line":12},"1":{"name":"(anonymous_1)","decl":{"start":{"line":18,"column":23},"end":{"line":18,"column":24}},"loc":{"start":{"line":18,"column":60},"end":{"line":20,"column":3}},"line":18},"2":{"name":"(anonymous_2)","decl":{"start":{"line":22,"column":20},"end":{"line":22,"column":21}},"loc":{"start":{"line":22,"column":26},"end":{"line":30,"column":3}},"line":22},"3":{"name":"(anonymous_3)","decl":{"start":{"line":32,"column":26},"end":{"line":32,"column":27}},"loc":{"start":{"line":32,"column":32},"end":{"line":35,"column":3}},"line":32}},"branchMap":{"0":{"loc":{"start":{"line":45,"column":7},"end":{"line":51,"column":7}},"type":"binary-expr","locations":[{"start":{"line":45,"column":7},"end":{"line":45,"column":17}},{"start":{"line":46,"column":8},"end":{"line":50,"column":10}}],"line":45}},"s":{"0":1,"1":7,"2":7,"3":7,"4":7,"5":7,"6":0,"7":7,"8":1,"9":7,"10":2,"11":2,"12":7},"f":{"0":7,"1":0,"2":1,"3":2},"b":{"0":[7,2]},"_coverageSchema":"1a1c01bbd47fc00a2c39e90264f33305004495a9","hash":"0f07ecf9a2293498ae250e7ea219408e53c3c27e"}
,"/Users/jp/Documents/projects/alarmy-clone/src/components/TimeDisplay.tsx": {"path":"/Users/jp/Documents/projects/alarmy-clone/src/components/TimeDisplay.tsx","statementMap":{"0":{"start":{"line":12,"column":55},"end":{"line":24,"column":1}},"1":{"start":{"line":13,"column":2},"end":{"line":23,"column":4}}},"fnMap":{"0":{"name":"(anonymous_0)","decl":{"start":{"line":12,"column":55},"end":{"line":12,"column":56}},"loc":{"start":{"line":12,"column":88},"end":{"line":24,"column":1}},"line":12}},"branchMap":{"0":{"loc":{"start":{"line":20,"column":9},"end":{"line":20,"column":52}},"type":"cond-expr","locations":[{"start":{"line":20,"column":20},"end":{"line":20,"column":31}},{"start":{"line":20,"column":34},"end":{"line":20,"column":52}}],"line":20}},"s":{"0":1,"1":4},"f":{"0":4},"b":{"0":[1,3]},"_coverageSchema":"1a1c01bbd47fc00a2c39e90264f33305004495a9","hash":"c1619710b32c8684ee922280b7102a03559c0ad6"}
,"/Users/jp/Documents/projects/alarmy-clone/src/components/TimePicker.tsx": {"path":"/Users/jp/Documents/projects/alarmy-clone/src/components/TimePicker.tsx","statementMap":{"0":{"start":{"line":12,"column":53},"end":{"line":35,"column":1}},"1":{"start":{"line":17,"column":2},"end":{"line":34,"column":4}}},"fnMap":{"0":{"name":"(anonymous_0)","decl":{"start":{"line":12,"column":53},"end":{"line":12,"column":54}},"loc":{"start":{"line":16,"column":6},"end":{"line":35,"column":1}},"line":16}},"branchMap":{"0":{"loc":{"start":{"line":23,"column":17},"end":{"line":23,"column":62}},"type":"cond-expr","locations":[{"start":{"line":23,"column":41},"end":{"line":23,"column":50}},{"start":{"line":23,"column":53},"end":{"line":23,"column":62}}],"line":23}},"s":{"0":1,"1":3},"f":{"0":3},"b":{"0":[3,0]},"_coverageSchema":"1a1c01bbd47fc00a2c39e90264f33305004495a9","hash":"48ae1c48122a59c21ca00e4b248391696b44c965"}
,"/Users/jp/Documents/projects/alarmy-clone/src/styles/alarm.styles.ts": {"path":"/Users/jp/Documents/projects/alarmy-clone/src/styles/alarm.styles.ts","statementMap":{"0":{"start":{"line":3,"column":27},"end":{"line":49,"column":2}}},"fnMap":{},"branchMap":{},"s":{"0":3},"f":{},"b":{},"_coverageSchema":"1a1c01bbd47fc00a2c39e90264f33305004495a9","hash":"092797456f9fb57eb7632bfae38f126d2d6a0071"}
,"/Users/jp/Documents/projects/alarmy-clone/src/utils/alarm.utils.ts": {"path":"/Users/jp/Documents/projects/alarmy-clone/src/utils/alarm.utils.ts","statementMap":{"0":{"start":{"line":1,"column":26},"end":{"line":7,"column":1}},"1":{"start":{"line":2,"column":2},"end":{"line":6,"column":5}},"2":{"start":{"line":9,"column":32},"end":{"line":17,"column":1}},"3":{"start":{"line":14,"column":2},"end":{"line":16,"column":3}},"4":{"start":{"line":15,"column":4},"end":{"line":15,"column":30}},"5":{"start":{"line":19,"column":33},"end":{"line":32,"column":1}},"6":{"start":{"line":26,"column":2},"end":{"line":26,"column":20}},"7":{"start":{"line":27,"column":2},"end":{"line":27,"column":20}},"8":{"start":{"line":28,"column":2},"end":{"line":30,"column":3}},"9":{"start":{"line":29,"column":4},"end":{"line":29,"column":25}},"10":{"start":{"line":31,"column":2},"end":{"line":31,"column":23}}},"fnMap":{"0":{"name":"(anonymous_0)","decl":{"start":{"line":1,"column":26},"end":{"line":1,"column":27}},"loc":{"start":{"line":1,"column":50},"end":{"line":7,"column":1}},"line":1},"1":{"name":"(anonymous_1)","decl":{"start":{"line":9,"column":32},"end":{"line":9,"column":33}},"loc":{"start":{"line":13,"column":11},"end":{"line":17,"column":1}},"line":13},"2":{"name":"(anonymous_2)","decl":{"start":{"line":19,"column":33},"end":{"line":19,"column":34}},"loc":{"start":{"line":25,"column":11},"end":{"line":32,"column":1}},"line":25}},"branchMap":{"0":{"loc":{"start":{"line":14,"column":2},"end":{"line":16,"column":3}},"type":"if","locations":[{"start":{"line":14,"column":2},"end":{"line":16,"column":3}},{"start":{},"end":{}}],"line":14},"1":{"loc":{"start":{"line":28,"column":2},"end":{"line":30,"column":3}},"type":"if","locations":[{"start":{"line":28,"column":2},"end":{"line":30,"column":3}},{"start":{},"end":{}}],"line":28}},"s":{"0":3,"1":7,"2":3,"3":2,"4":1,"5":3,"6":3,"7":3,"8":3,"9":2,"10":3},"f":{"0":7,"1":2,"2":3},"b":{"0":[1,1],"1":[2,1]},"_coverageSchema":"1a1c01bbd47fc00a2c39e90264f33305004495a9","hash":"19a8f5241f06660bb5cc5f7dbd40cd4a9b5a93ac"}
}
