TN:
SF:src/components/Alarm.tsx
FN:12,(anonymous_0)
FN:18,(anonymous_1)
FN:22,(anonymous_2)
FN:32,(anonymous_3)
FNF:4
FNH:3
FNDA:7,(anonymous_0)
FNDA:0,(anonymous_1)
FNDA:1,(anonymous_2)
FNDA:2,(anonymous_3)
DA:12,1
DA:13,7
DA:14,7
DA:15,7
DA:16,7
DA:18,7
DA:19,0
DA:22,7
DA:23,1
DA:32,7
DA:33,2
DA:34,2
DA:37,7
LF:13
LH:12
BRDA:45,0,0,7
BRDA:45,0,1,2
BRF:2
BRH:2
end_of_record
TN:
SF:src/components/TimeDisplay.tsx
FN:12,(anonymous_0)
FNF:1
FNH:1
FNDA:4,(anonymous_0)
DA:12,1
DA:13,4
LF:2
LH:2
BRDA:20,0,0,1
BRDA:20,0,1,3
BRF:2
BRH:2
end_of_record
TN:
SF:src/components/TimePicker.tsx
FN:12,(anonymous_0)
FNF:1
FNH:1
FNDA:3,(anonymous_0)
DA:12,1
DA:17,3
LF:2
LH:2
BRDA:23,0,0,3
BRDA:23,0,1,0
BRF:2
BRH:1
end_of_record
TN:
SF:src/styles/alarm.styles.ts
FNF:0
FNH:0
DA:3,3
LF:1
LH:1
BRF:0
BRH:0
end_of_record
TN:
SF:src/utils/alarm.utils.ts
FN:1,(anonymous_0)
FN:9,(anonymous_1)
FN:19,(anonymous_2)
FNF:3
FNH:3
FNDA:7,(anonymous_0)
FNDA:2,(anonymous_1)
FNDA:3,(anonymous_2)
DA:1,3
DA:2,7
DA:9,3
DA:14,2
DA:15,1
DA:19,3
DA:26,3
DA:27,3
DA:28,3
DA:29,2
DA:31,3
LF:11
LH:11
BRDA:14,0,0,1
BRDA:14,0,1,1
BRDA:28,1,0,2
BRDA:28,1,1,1
BRF:4
BRH:4
end_of_record
